<?xml version="1.0" encoding="UTF-8"?>
<testsuite xmlns:xsi="http://www.w3.org/2001/XMLSchema-instance" xsi:noNamespaceSchemaLocation="https://maven.apache.org/surefire/maven-surefire-plugin/xsd/surefire-test-report.xsd" name="br.gabrielsmartins.smartpayment.adapters.web.adapter.in.categories.SearchCategoryControllerTest" time="0.725" tests="3" errors="0" skipped="0" failures="0">
  <properties/>
  <testcase name="givenCategoriesWhenExistsThenReturnCategoryList" classname="br.gabrielsmartins.smartpayment.adapters.web.adapter.in.categories.SearchCategoryControllerTest" time="0.009"/>
  <testcase name="givenCategoryIdWhenExistsThenReturnCategory" classname="br.gabrielsmartins.smartpayment.adapters.web.adapter.in.categories.SearchCategoryControllerTest" time="0.006"/>
  <testcase name="givenCategoryIdWhenNotExistsThenReturnCategory" classname="br.gabrielsmartins.smartpayment.adapters.web.adapter.in.categories.SearchCategoryControllerTest" time="0.004"/>
</testsuite>