<?xml version="1.0" encoding="UTF-8"?>
<testsuite xmlns:xsi="http://www.w3.org/2001/XMLSchema-instance" xsi:noNamespaceSchemaLocation="https://maven.apache.org/surefire/maven-surefire-plugin/xsd/surefire-test-report.xsd" name="br.gabrielsmartins.smartpayment.adapters.web.adapter.in.customers.SearchCustomerControllerTest" time="2.853" tests="3" errors="0" skipped="0" failures="0">
  <properties/>
  <testcase name="givenCustomersWhenExistsThenReturnCustomerList" classname="br.gabrielsmartins.smartpayment.adapters.web.adapter.in.customers.SearchCustomerControllerTest" time="0.122"/>
  <testcase name="givenCustomerIdWhenExistsThenReturnCustomer" classname="br.gabrielsmartins.smartpayment.adapters.web.adapter.in.customers.SearchCustomerControllerTest" time="0.037"/>
  <testcase name="givenCustomerIdWhenNotExistsThenReturnCustomer" classname="br.gabrielsmartins.smartpayment.adapters.web.adapter.in.customers.SearchCustomerControllerTest" time="0.007"/>
</testsuite>