<?xml version="1.0" encoding="UTF-8"?>
<testsuite xmlns:xsi="http://www.w3.org/2001/XMLSchema-instance" xsi:noNamespaceSchemaLocation="https://maven.apache.org/surefire/maven-surefire-plugin/xsd/surefire-test-report.xsd" name="br.gabrielsmartins.smartpayment.adapters.persistence.repository.categories.CategoryRepositoryTest" time="0.851" tests="3" errors="0" skipped="0" failures="0">
  <properties/>
  <testcase name="givenCategoryIdWhenSearchThenReturnCategory" classname="br.gabrielsmartins.smartpayment.adapters.persistence.repository.categories.CategoryRepositoryTest" time="0.8"/>
  <testcase name="givenCategoryWhenSaveThenReturnSavedCategory" classname="br.gabrielsmartins.smartpayment.adapters.persistence.repository.categories.CategoryRepositoryTest" time="0.012"/>
  <testcase name="givenCategoriesWhenSearchThenReturnCategoryList" classname="br.gabrielsmartins.smartpayment.adapters.persistence.repository.categories.CategoryRepositoryTest" time="0.011"/>
</testsuite>